2024-03-18 06:54:38,962 - INFO - 运行日期：2024年03月18日06:54:38
2024-03-18 06:54:38,963 - INFO - 已将旧版本的压缩包 4899.zip 移动到 ..\output\history\4899.zip
2024-03-18 06:54:38,963 - INFO - 已将旧版本的压缩包 test54.zip 移动到 ..\output\history\test54.zip
2024-03-18 06:54:38,964 - INFO - 031_香港_四不像.jpg
2024-03-18 06:54:38,964 - INFO - 031_香港_马会传真.jpg
2024-03-18 06:54:38,964 - INFO - 077_图库_台湾_四不像.jpg
2024-03-18 06:54:38,964 - INFO - 077_图库_台湾_跑狗图.jpg
2024-03-18 06:54:38,964 - INFO - 077_图库_台湾_马会传真.jpg
2024-03-18 06:54:38,964 - INFO - 077_图库_新澳门_四不像.jpg
2024-03-18 06:54:38,964 - INFO - 077_图库_新澳门_跑狗图.jpg
2024-03-18 06:54:38,964 - INFO - 077_图库_新澳门_马会传真.jpg
2024-03-18 06:54:38,965 - INFO - 078_新澳门_四不像.jpg
2024-03-18 06:54:38,965 - INFO - 078_新澳门_马会传真.jpg
2024-03-18 06:54:38,965 - INFO - 078_澳门_四不像.jpg
2024-03-18 06:54:38,965 - INFO - 078_澳门_马会传真.jpg
2024-03-18 06:54:38,975 - INFO - 对图片文件进行分类，添加进对应的文件夹
2024-03-18 06:54:38,985 - INFO - 将文件夹进行压缩
2024-03-18 06:54:38,985 - INFO - -------------------------------------------------
2024-03-18 06:54:38,985 - INFO - 保存了..\output\240318-导出.zip与..\output\240318-图库-导出.zip文件
2024-03-18 06:54:38,985 - INFO - -------------------------------------------------
2024-03-18 06:54:38,988 - INFO - 保留压缩文件，删除原始文件夹
2024-03-18 06:54:38,988 - INFO - 运行结束
2024-03-18 06:59:05,495 - INFO - 运行日期：2024年03月18日06:59:05
2024-03-18 06:59:05,496 - INFO - 已将旧版本的压缩包 240318-图库-导出.zip 移动到 ..\output\history\240318-图库-导出.zip
2024-03-18 06:59:05,496 - INFO - 已将旧版本的压缩包 240318-导出.zip 移动到 ..\output\history\240318-导出.zip
2024-03-18 06:59:05,496 - INFO - 没有检测到图片文件。
2024-03-18 06:59:05,497 - INFO - 对图片文件进行分类，添加进对应的文件夹
2024-03-18 06:59:05,498 - INFO - 将文件夹进行压缩
2024-03-18 06:59:05,498 - INFO - -------------------------------------------------
2024-03-18 06:59:05,498 - INFO - 保存了..\output\240318-导出.zip与..\output\240318-图库-导出.zip文件
2024-03-18 06:59:05,498 - INFO - -------------------------------------------------
2024-03-18 06:59:05,499 - INFO - 保留压缩文件，删除原始文件夹
2024-03-18 06:59:05,636 - INFO - 运行结束
2024-03-18 06:59:29,188 - INFO - 运行日期：2024年03月18日06:59:29
2024-03-18 06:59:29,189 - INFO - 已将旧版本的压缩包 240318-图库-导出.zip 移动到 ..\output\history\240318-图库-导出.zip
2024-03-18 06:59:29,189 - INFO - 已将旧版本的压缩包 240318-导出.zip 移动到 ..\output\history\240318-导出.zip
2024-03-18 06:59:29,190 - INFO - 031_香港_四不像.jpg
2024-03-18 06:59:29,190 - INFO - 031_香港_马会传真.jpg
2024-03-18 06:59:29,190 - INFO - 077_图库_台湾_四不像.jpg
2024-03-18 06:59:29,190 - INFO - 077_图库_台湾_跑狗图.jpg
2024-03-18 06:59:29,191 - INFO - 077_图库_台湾_马会传真.jpg
2024-03-18 06:59:29,191 - INFO - 077_图库_新澳门_四不像.jpg
2024-03-18 06:59:29,191 - INFO - 077_图库_新澳门_跑狗图.jpg
2024-03-18 06:59:29,191 - INFO - 077_图库_新澳门_马会传真.jpg
2024-03-18 06:59:29,192 - INFO - 078_新澳门_四不像.jpg
2024-03-18 06:59:29,192 - INFO - 078_新澳门_马会传真.jpg
2024-03-18 06:59:29,192 - INFO - 078_澳门_四不像.jpg
2024-03-18 06:59:29,192 - INFO - 078_澳门_马会传真.jpg
2024-03-18 06:59:29,282 - INFO - 对图片文件进行分类，添加进对应的文件夹
2024-03-18 06:59:29,292 - INFO - 将文件夹进行压缩
2024-03-18 06:59:29,292 - INFO - -------------------------------------------------
2024-03-18 06:59:29,292 - INFO - 保存了..\output\240318-导出.zip与..\output\240318-图库-导出.zip文件
2024-03-18 06:59:29,292 - INFO - -------------------------------------------------
2024-03-18 06:59:29,295 - INFO - 保留压缩文件，删除原始文件夹
2024-03-18 06:59:29,384 - INFO - 运行结束
2024-03-18 07:22:10,316 - INFO - 运行日期：2024年03月18日07:22:10
2024-03-18 07:22:10,317 - INFO - 已将旧版本的压缩包 240318-图库-导出.zip 移动到 ..\output\history\240318-图库-导出.zip
2024-03-18 07:22:10,318 - INFO - 已将旧版本的压缩包 240318-导出.zip 移动到 ..\output\history\240318-导出.zip
2024-03-18 07:22:10,318 - INFO - 031_香港_四不像.jpg
2024-03-18 07:22:10,318 - INFO - 031_香港_马会传真.jpg
2024-03-18 07:22:10,319 - INFO - 077_图库_台湾_四不像.jpg
2024-03-18 07:22:10,319 - INFO - 077_图库_台湾_跑狗图.jpg
2024-03-18 07:22:10,319 - INFO - 077_图库_台湾_马会传真.jpg
2024-03-18 07:22:10,319 - INFO - 077_图库_新澳门_四不像.jpg
2024-03-18 07:22:10,319 - INFO - 077_图库_新澳门_跑狗图.jpg
2024-03-18 07:22:10,319 - INFO - 077_图库_新澳门_马会传真.jpg
2024-03-18 07:22:10,319 - INFO - 078_新澳门_四不像.jpg
2024-03-18 07:22:10,320 - INFO - 078_新澳门_马会传真.jpg
2024-03-18 07:22:10,320 - INFO - 078_澳门_四不像.jpg
2024-03-18 07:22:10,320 - INFO - 078_澳门_马会传真.jpg
2024-03-18 07:22:10,330 - INFO - 对图片文件进行分类，添加进对应的文件夹
2024-03-18 07:22:10,339 - INFO - 将文件夹进行压缩
2024-03-18 07:22:10,339 - INFO - -------------------------------------------------
2024-03-18 07:22:10,340 - INFO - 保存了..\output\240318-导出.zip与..\output\240318-图库-导出.zip文件
2024-03-18 07:22:10,340 - INFO - -------------------------------------------------
2024-03-18 07:22:10,342 - INFO - 保留压缩文件，删除原始文件夹
2024-03-18 07:22:10,430 - INFO - 运行结束
2024-03-18 07:25:23,941 - INFO - 运行日期：2024年03月18日07:25:23
2024-03-18 07:25:23,942 - INFO - 已将旧版本的压缩包 54.zip 移动到 ..\output\history\54.zip
2024-03-18 07:25:23,942 - INFO - 已将旧版本的压缩包 654.zip 移动到 ..\output\history\654.zip
2024-03-18 07:25:23,942 - INFO - 031_香港_四不像.jpg
2024-03-18 07:25:23,942 - INFO - 031_香港_马会传真.jpg
2024-03-18 07:25:23,943 - INFO - 077_图库_台湾_四不像.jpg
2024-03-18 07:25:23,943 - INFO - 077_图库_台湾_跑狗图.jpg
2024-03-18 07:25:23,943 - INFO - 077_图库_台湾_马会传真.jpg
2024-03-18 07:25:23,943 - INFO - 077_图库_新澳门_四不像.jpg
2024-03-18 07:25:23,943 - INFO - 077_图库_新澳门_跑狗图.jpg
2024-03-18 07:25:23,943 - INFO - 077_图库_新澳门_马会传真.jpg
2024-03-18 07:25:23,944 - INFO - 078_新澳门_四不像.jpg
2024-03-18 07:25:23,944 - INFO - 078_新澳门_马会传真.jpg
2024-03-18 07:25:23,944 - INFO - 078_澳门_四不像.jpg
2024-03-18 07:25:23,944 - INFO - 078_澳门_马会传真.jpg
2024-03-18 07:25:23,952 - INFO - 对图片文件进行分类，添加进对应的文件夹
2024-03-18 07:25:23,961 - INFO - 将文件夹进行压缩
2024-03-18 07:25:23,961 - INFO - -------------------------------------------------
2024-03-18 07:25:23,961 - INFO - 保存了..\output\240318-导出.zip与..\output\240318-图库-导出.zip文件
2024-03-18 07:25:23,961 - INFO - -------------------------------------------------
2024-03-18 07:25:23,964 - INFO - 保留压缩文件，删除原始文件夹
2024-03-18 07:25:24,052 - INFO - 运行结束
2024-03-18 07:30:13,574 - INFO - 运行日期：2024年03月18日07:30:13
2024-03-18 07:30:13,575 - INFO - 已将旧版本的压缩包 54.zip 移动到 ..\output\history\54.zip
2024-03-18 07:30:13,575 - INFO - 已将旧版本的压缩包 654.zip 移动到 ..\output\history\654.zip
2024-03-18 07:30:13,575 - INFO - 031_香港_四不像.jpg
2024-03-18 07:30:13,576 - INFO - 031_香港_马会传真.jpg
2024-03-18 07:30:13,576 - INFO - 077_图库_台湾_四不像.jpg
2024-03-18 07:30:13,576 - INFO - 077_图库_台湾_跑狗图.jpg
2024-03-18 07:30:13,576 - INFO - 077_图库_台湾_马会传真.jpg
2024-03-18 07:30:13,576 - INFO - 077_图库_新澳门_四不像.jpg
2024-03-18 07:30:13,577 - INFO - 077_图库_新澳门_跑狗图.jpg
2024-03-18 07:30:13,577 - INFO - 077_图库_新澳门_马会传真.jpg
2024-03-18 07:30:13,577 - INFO - 078_新澳门_四不像.jpg
2024-03-18 07:30:13,577 - INFO - 078_新澳门_马会传真.jpg
2024-03-18 07:30:13,577 - INFO - 078_澳门_四不像.jpg
2024-03-18 07:30:13,577 - INFO - 078_澳门_马会传真.jpg
2024-03-18 07:30:13,593 - INFO - 对图片文件进行分类，添加进对应的文件夹
2024-03-18 07:30:13,605 - INFO - 将文件夹进行压缩
2024-03-18 07:30:13,606 - INFO - -------------------------------------------------
2024-03-18 07:30:13,606 - INFO - 保存了..\output\240318-导出.zip与..\output\240318-图库-导出.zip文件
2024-03-18 07:30:13,606 - INFO - -------------------------------------------------
2024-03-18 07:30:13,608 - INFO - 保留压缩文件，删除原始文件夹
2024-03-18 07:30:13,701 - INFO - 运行结束
2024-03-18 14:50:37,656 - INFO - 运行日期：2024年03月18日14:50:37
2024-03-18 14:50:37,656 - INFO - 没有检测到图片文件。
2024-03-18 14:50:37,657 - INFO - 对图片文件进行分类，添加进对应的文件夹
2024-03-18 14:50:37,658 - INFO - 将文件夹进行压缩
2024-03-18 14:50:37,658 - INFO - -------------------------------------------------
2024-03-18 14:50:37,658 - INFO - 保存了..\output\240318-导出.zip与..\output\240318-图库-导出.zip文件
2024-03-18 14:50:37,658 - INFO - -------------------------------------------------
2024-03-18 14:50:37,658 - INFO - 保留压缩文件，删除原始文件夹
2024-03-18 14:50:37,752 - INFO - 运行结束
2024-03-18 14:53:29,407 - INFO - 运行日期：2024年03月18日14:53:29
2024-03-18 14:53:29,407 - INFO - 078_图库_台湾_四不像.jpg
2024-03-18 14:53:29,408 - INFO - 078_图库_台湾_跑狗图.jpg
2024-03-18 14:53:29,408 - INFO - 078_图库_台湾_马会传真.jpg
2024-03-18 14:53:29,408 - INFO - 078_图库_新澳门_四不像.jpg
2024-03-18 14:53:29,408 - INFO - 078_图库_新澳门_跑狗图.jpg
2024-03-18 14:53:29,408 - INFO - 078_图库_新澳门_马会传真.jpg
2024-03-18 14:53:29,409 - INFO - 079_新澳门_四不像.jpg
2024-03-18 14:53:29,409 - INFO - 079_新澳门_马会传真.jpg
2024-03-18 14:53:29,409 - INFO - 079_澳门_四不像.jpg
2024-03-18 14:53:29,409 - INFO - 079_澳门_马会传真.jpg
2024-03-18 14:53:29,421 - INFO - 对图片文件进行分类，添加进对应的文件夹
2024-03-18 14:53:29,429 - INFO - 将文件夹进行压缩
2024-03-18 14:53:29,429 - INFO - -------------------------------------------------
2024-03-18 14:53:29,429 - INFO - 保存了..\output\240318-导出.zip与..\output\240318-图库-导出.zip文件
2024-03-18 14:53:29,429 - INFO - -------------------------------------------------
2024-03-18 14:53:29,432 - INFO - 保留压缩文件，删除原始文件夹
2024-03-18 14:53:29,535 - INFO - 运行结束
2024-03-18 14:56:19,640 - INFO - 运行日期：2024年03月18日14:56:19
2024-03-18 14:56:19,641 - INFO - 已将旧版本的压缩包 240318-图库-导出.zip 移动到 ..\output\history\240318-图库-导出.zip
2024-03-18 14:56:19,641 - INFO - 已将旧版本的压缩包 240318-导出.zip 移动到 ..\output\history\240318-导出.zip
2024-03-18 14:56:19,642 - INFO - 078_图库_台湾_四不像.jpg
2024-03-18 14:56:19,642 - INFO - 078_图库_台湾_跑狗图.jpg
2024-03-18 14:56:19,642 - INFO - 078_图库_台湾_马会传真.jpg
2024-03-18 14:56:19,642 - INFO - 078_图库_新澳门_四不像.jpg
2024-03-18 14:56:19,642 - INFO - 078_图库_新澳门_跑狗图.jpg
2024-03-18 14:56:19,642 - INFO - 078_图库_新澳门_马会传真.jpg
2024-03-18 14:56:19,642 - INFO - 079_新澳门_四不像.jpg
2024-03-18 14:56:19,643 - INFO - 079_新澳门_马会传真.jpg
2024-03-18 14:56:19,643 - INFO - 079_澳门_四不像.jpg
2024-03-18 14:56:19,643 - INFO - 079_澳门_马会传真.jpg
2024-03-18 14:56:19,650 - INFO - 对图片文件进行分类，添加进对应的文件夹
2024-03-18 14:56:19,661 - INFO - 将文件夹进行压缩
2024-03-18 14:56:19,661 - INFO - -------------------------------------------------
2024-03-18 14:56:19,662 - INFO - 保存了..\output\240318-导出.zip与..\output\240318-图库-导出.zip文件
2024-03-18 14:56:19,662 - INFO - -------------------------------------------------
2024-03-18 14:56:19,664 - INFO - 保留压缩文件，删除原始文件夹
2024-03-18 14:56:19,772 - INFO - 运行结束
2024-03-19 15:26:00,037 - INFO - 运行日期：2024年03月19日15:26:00
2024-03-19 15:26:00,093 - INFO - 已将旧版本的压缩包 240318-图库-导出.zip 移动到 ..\output\history\240318-图库-导出.zip
2024-03-19 15:26:00,149 - INFO - 已将旧版本的压缩包 240318-导出.zip 移动到 ..\output\history\240318-导出.zip
2024-03-19 15:26:00,150 - INFO - 032_香港_四不像.jpg
2024-03-19 15:26:00,150 - INFO - 032_香港_马会传真.jpg
2024-03-19 15:26:00,150 - INFO - 079_图库_台湾_四不像.jpg
2024-03-19 15:26:00,150 - INFO - 079_图库_台湾_跑狗图.jpg
2024-03-19 15:26:00,151 - INFO - 079_图库_台湾_马会传真.jpg
2024-03-19 15:26:00,151 - INFO - 079_图库_新澳门_四不像.jpg
2024-03-19 15:26:00,151 - INFO - 079_图库_新澳门_跑狗图.jpg
2024-03-19 15:26:00,151 - INFO - 079_图库_新澳门_马会传真.jpg
2024-03-19 15:26:00,151 - INFO - 080_新澳门_四不像.jpg
2024-03-19 15:26:00,151 - INFO - 080_新澳门_马会传真.jpg
2024-03-19 15:26:00,152 - INFO - 080_澳门_四不像.jpg
2024-03-19 15:26:00,152 - INFO - 080_澳门_马会传真.jpg
2024-03-19 15:26:00,162 - INFO - 对图片文件进行分类，添加进对应的文件夹
2024-03-19 15:26:00,189 - INFO - 将文件夹进行压缩
2024-03-19 15:26:00,189 - INFO - -------------------------------------------------
2024-03-19 15:26:00,189 - INFO - 保存了..\output\240319-导出.zip与..\output\240319-图库-导出.zip文件
2024-03-19 15:26:00,189 - INFO - -------------------------------------------------
2024-03-19 15:26:00,191 - INFO - 保留压缩文件，删除原始文件夹
2024-03-19 15:26:00,291 - INFO - 运行结束
2024-03-19 18:36:34,552 - INFO - 运行日期：2024年03月19日18:36:34
2024-03-19 18:36:34,553 - INFO - 已将旧版本的压缩包 240319-图库-导出.zip 移动到 ..\output\history\240319-图库-导出.zip
2024-03-19 18:36:34,553 - INFO - 已将旧版本的压缩包 240319-导出.zip 移动到 ..\output\history\240319-导出.zip
2024-03-19 18:36:34,553 - INFO - 032_香港_四不像.jpg
2024-03-19 18:36:34,553 - INFO - 032_香港_马会传真.jpg
2024-03-19 18:36:34,554 - INFO - 079_图库_台湾_四不像.jpg
2024-03-19 18:36:34,554 - INFO - 079_图库_台湾_跑狗图.jpg
2024-03-19 18:36:34,554 - INFO - 079_图库_台湾_马会传真.jpg
2024-03-19 18:36:34,554 - INFO - 079_图库_新澳门_四不像.jpg
2024-03-19 18:36:34,554 - INFO - 079_图库_新澳门_跑狗图.jpg
2024-03-19 18:36:34,555 - INFO - 079_图库_新澳门_马会传真.jpg
2024-03-19 18:36:34,555 - INFO - 080_新澳门_四不像.jpg
2024-03-19 18:36:34,555 - INFO - 080_新澳门_马会传真.jpg
2024-03-19 18:36:34,555 - INFO - 080_澳门_四不像.jpg
2024-03-19 18:36:34,555 - INFO - 080_澳门_马会传真.jpg
2024-03-19 18:36:34,565 - INFO - 对图片文件进行分类，添加进对应的文件夹
2024-03-19 18:36:34,575 - INFO - 将文件夹进行压缩
2024-03-19 18:36:34,575 - INFO - -------------------------------------------------
2024-03-19 18:36:34,575 - INFO - 保存了..\output\240319-导出.zip与..\output\240319-图库-导出.zip文件
2024-03-19 18:36:34,575 - INFO - -------------------------------------------------
2024-03-19 18:36:34,578 - INFO - 保留压缩文件，删除原始文件夹
2024-03-19 18:36:34,673 - INFO - 运行结束
2024-03-19 18:41:46,568 - INFO - 运行日期：2024年03月19日18:41:46
2024-03-19 18:45:16,995 - INFO - 运行日期：2024年03月19日18:45:16
2024-03-19 18:45:16,996 - INFO - 032_香港_四不像.jpg
2024-03-19 18:45:16,996 - INFO - 032_香港_马会传真.jpg
2024-03-19 18:45:16,996 - INFO - 080_新澳门_四不像.jpg
2024-03-19 18:45:16,996 - INFO - 080_新澳门_马会传真.jpg
2024-03-19 18:45:16,996 - INFO - 080_澳门_四不像.jpg
2024-03-19 18:45:16,997 - INFO - 080_澳门_马会传真.jpg
2024-03-19 18:45:17,002 - INFO - 对图片文件进行分类，添加进对应的文件夹
2024-03-19 18:45:17,009 - INFO - 将文件夹进行压缩
2024-03-19 18:45:17,009 - INFO - -------------------------------------------------
2024-03-19 18:45:17,009 - INFO - 保存了..\output\240319-导出.zip与..\output\240319-图库-导出.zip文件
2024-03-19 18:45:17,009 - INFO - -------------------------------------------------
2024-03-19 18:45:17,010 - INFO - 保留压缩文件，删除原始文件夹
2024-03-19 18:45:17,176 - INFO - 运行结束
2024-03-19 18:47:42,287 - INFO - 运行日期：2024年03月19日18:47:42
2024-03-19 18:47:42,288 - INFO - 已将旧版本的压缩包 240319-图库-导出.zip 移动到 ..\output\history\240319-图库-导出.zip
2024-03-19 18:47:42,288 - INFO - 已将旧版本的压缩包 240319-导出.zip 移动到 ..\output\history\240319-导出.zip
2024-03-19 18:47:42,289 - INFO - 没有检测到图片文件。
2024-03-19 18:47:42,289 - INFO - 对图片文件进行分类，添加进对应的文件夹
2024-03-19 18:47:42,290 - INFO - 将文件夹进行压缩
2024-03-19 18:47:42,290 - INFO - -------------------------------------------------
2024-03-19 18:47:42,290 - INFO - 保存了..\output\240319-导出.zip与..\output\240319-图库-导出.zip文件
2024-03-19 18:47:42,290 - INFO - -------------------------------------------------
2024-03-19 18:47:42,291 - INFO - 保留压缩文件，删除原始文件夹
2024-03-19 18:47:42,383 - INFO - 运行结束
2024-03-19 18:49:05,822 - INFO - 运行日期：2024年03月19日18:49:05
2024-03-19 18:49:05,823 - INFO - 没有检测到图片文件。
2024-03-19 18:49:05,823 - INFO - 对图片文件进行分类，添加进对应的文件夹
2024-03-19 18:49:05,824 - INFO - 将文件夹进行压缩
2024-03-19 18:49:05,824 - INFO - -------------------------------------------------
2024-03-19 18:49:05,824 - INFO - 保存了..\output\240319-导出.zip与..\output\240319-图库-导出.zip文件
2024-03-19 18:49:05,825 - INFO - -------------------------------------------------
2024-03-19 18:49:05,825 - INFO - 保留压缩文件，删除原始文件夹
2024-03-19 18:49:05,923 - INFO - 运行结束
2024-03-19 18:53:24,777 - INFO - 运行日期：2024年03月19日18:53:24
2024-03-19 18:53:24,777 - INFO - 已将旧版本的压缩包 240319-图库-导出.zip 移动到 ..\output\history\240319-图库-导出.zip
2024-03-19 18:53:24,778 - INFO - 已将旧版本的压缩包 240319-导出.zip 移动到 ..\output\history\240319-导出.zip
2024-03-19 18:53:24,778 - INFO - 032_香港_四不像.jpg
2024-03-19 18:53:24,778 - INFO - 032_香港_马会传真.jpg
2024-03-19 18:53:24,778 - INFO - 079_图库_台湾_四不像.jpg
2024-03-19 18:53:24,779 - INFO - 079_图库_台湾_跑狗图.jpg
2024-03-19 18:53:24,779 - INFO - 079_图库_台湾_马会传真.jpg
2024-03-19 18:53:24,779 - INFO - 079_图库_新澳门_四不像.jpg
2024-03-19 18:53:24,779 - INFO - 079_图库_新澳门_跑狗图.jpg
2024-03-19 18:53:24,779 - INFO - 079_图库_新澳门_马会传真.jpg
2024-03-19 18:53:24,779 - INFO - 080_新澳门_四不像.jpg
2024-03-19 18:53:24,780 - INFO - 080_新澳门_马会传真.jpg
2024-03-19 18:53:24,780 - INFO - 080_澳门_四不像.jpg
2024-03-19 18:53:24,780 - INFO - 080_澳门_马会传真.jpg
2024-03-19 18:53:24,789 - INFO - 对图片文件进行分类，添加进对应的文件夹
2024-03-19 18:53:24,799 - INFO - 将文件夹进行压缩
2024-03-19 18:53:24,799 - INFO - -------------------------------------------------
2024-03-19 18:53:24,799 - INFO - 保存了..\output\240319-导出.zip与..\output\240319-图库-导出.zip文件
2024-03-19 18:53:24,799 - INFO - -------------------------------------------------
2024-03-19 18:53:24,803 - INFO - 保留压缩文件，删除原始文件夹
2024-03-19 18:53:24,911 - INFO - 运行结束
2024-03-19 18:54:05,016 - INFO - 运行日期：2024年03月19日18:54:05
2024-03-19 18:54:05,016 - INFO - 032_香港_四不像.jpg
2024-03-19 18:54:05,016 - INFO - 032_香港_马会传真.jpg
2024-03-19 18:54:05,016 - INFO - 079_图库_台湾_四不像.jpg
2024-03-19 18:54:05,017 - INFO - 079_图库_台湾_跑狗图.jpg
2024-03-19 18:54:05,017 - INFO - 079_图库_台湾_马会传真.jpg
2024-03-19 18:54:05,017 - INFO - 079_图库_新澳门_四不像.jpg
2024-03-19 18:54:05,017 - INFO - 079_图库_新澳门_跑狗图.jpg
2024-03-19 18:54:05,017 - INFO - 079_图库_新澳门_马会传真.jpg
2024-03-19 18:54:05,018 - INFO - 080_新澳门_四不像.jpg
2024-03-19 18:54:05,018 - INFO - 080_新澳门_马会传真.jpg
2024-03-19 18:54:05,018 - INFO - 080_澳门_四不像.jpg
2024-03-19 18:54:05,018 - INFO - 080_澳门_马会传真.jpg
2024-03-19 18:54:05,026 - INFO - 对图片文件进行分类，添加进对应的文件夹
2024-03-19 18:54:05,037 - INFO - 将文件夹进行压缩
2024-03-19 18:54:05,037 - INFO - -------------------------------------------------
2024-03-19 18:54:05,037 - INFO - 保存了..\output\240319-导出.zip与..\output\240319-图库-导出.zip文件
2024-03-19 18:54:05,037 - INFO - -------------------------------------------------
2024-03-19 18:54:05,040 - INFO - 保留压缩文件，删除原始文件夹
2024-03-19 18:54:05,130 - INFO - 运行结束
2024-03-19 18:54:54,717 - INFO - 运行日期：2024年03月19日18:54:54
2024-03-19 18:54:54,718 - INFO - 032_香港_四不像.jpg
2024-03-19 18:54:54,718 - INFO - 032_香港_马会传真.jpg
2024-03-19 18:54:54,718 - INFO - 079_图库_台湾_四不像.jpg
2024-03-19 18:54:54,718 - INFO - 079_图库_台湾_跑狗图.jpg
2024-03-19 18:54:54,718 - INFO - 079_图库_台湾_马会传真.jpg
2024-03-19 18:54:54,719 - INFO - 079_图库_新澳门_四不像.jpg
2024-03-19 18:54:54,719 - INFO - 079_图库_新澳门_跑狗图.jpg
2024-03-19 18:54:54,719 - INFO - 079_图库_新澳门_马会传真.jpg
2024-03-19 18:54:54,719 - INFO - 080_新澳门_四不像.jpg
2024-03-19 18:54:54,719 - INFO - 080_新澳门_马会传真.jpg
2024-03-19 18:54:54,720 - INFO - 080_澳门_四不像.jpg
2024-03-19 18:54:54,720 - INFO - 080_澳门_马会传真.jpg
2024-03-19 18:54:54,743 - INFO - 对图片文件进行分类，添加进对应的文件夹
2024-03-19 18:54:54,752 - INFO - 将文件夹进行压缩
2024-03-19 18:54:54,752 - INFO - -------------------------------------------------
2024-03-19 18:54:54,753 - INFO - 保存了..\output\240319-导出.zip与..\output\240319-图库-导出.zip文件
2024-03-19 18:54:54,753 - INFO - -------------------------------------------------
2024-03-19 18:54:54,755 - INFO - 保留压缩文件，删除原始文件夹
2024-03-19 18:54:54,846 - INFO - 运行结束
2024-03-19 18:55:51,124 - INFO - 运行日期：2024年03月19日18:55:51
2024-03-19 18:55:51,124 - INFO - 没有检测到图片文件。
2024-03-19 18:55:51,125 - INFO - 对图片文件进行分类，添加进对应的文件夹
2024-03-19 18:55:51,125 - INFO - 将文件夹进行压缩
2024-03-19 18:55:51,126 - INFO - -------------------------------------------------
2024-03-19 18:55:51,126 - INFO - 保存了..\output\240319-导出.zip与..\output\240319-图库-导出.zip文件
2024-03-19 18:55:51,126 - INFO - -------------------------------------------------
2024-03-19 18:55:51,126 - INFO - 保留压缩文件，删除原始文件夹
2024-03-19 18:55:51,214 - INFO - 运行结束
2024-03-19 18:56:16,492 - INFO - 运行日期：2024年03月19日18:56:16
2024-03-19 18:56:16,492 - INFO - 032_香港_四不像.jpg
2024-03-19 18:56:16,492 - INFO - 032_香港_马会传真.jpg
2024-03-19 18:56:16,493 - INFO - 079_图库_台湾_四不像.jpg
2024-03-19 18:56:16,493 - INFO - 079_图库_台湾_跑狗图.jpg
2024-03-19 18:56:16,493 - INFO - 079_图库_台湾_马会传真.jpg
2024-03-19 18:56:16,493 - INFO - 079_图库_新澳门_四不像.jpg
2024-03-19 18:56:16,493 - INFO - 079_图库_新澳门_跑狗图.jpg
2024-03-19 18:56:16,493 - INFO - 079_图库_新澳门_马会传真.jpg
2024-03-19 18:56:16,494 - INFO - 080_新澳门_四不像.jpg
2024-03-19 18:56:16,494 - INFO - 080_新澳门_马会传真.jpg
2024-03-19 18:56:16,494 - INFO - 080_澳门_四不像.jpg
2024-03-19 18:56:16,494 - INFO - 080_澳门_马会传真.jpg
2024-03-19 18:56:16,503 - INFO - 对图片文件进行分类，添加进对应的文件夹
2024-03-19 18:56:16,513 - INFO - 将文件夹进行压缩
2024-03-19 18:56:16,513 - INFO - -------------------------------------------------
2024-03-19 18:56:16,513 - INFO - 保存了..\output\240319-导出.zip与..\output\240319-图库-导出.zip文件
2024-03-19 18:56:16,513 - INFO - -------------------------------------------------
2024-03-19 18:56:16,516 - INFO - 保留压缩文件，删除原始文件夹
2024-03-19 18:56:16,603 - INFO - 运行结束
2024-03-19 18:58:25,417 - INFO - 运行日期：2024年03月19日18:58:25
2024-03-19 18:58:25,417 - INFO - 032_香港_四不像.jpg
2024-03-19 18:58:25,417 - INFO - 032_香港_马会传真.jpg
2024-03-19 18:58:25,418 - INFO - 079_图库_台湾_四不像.jpg
2024-03-19 18:58:25,418 - INFO - 079_图库_台湾_跑狗图.jpg
2024-03-19 18:58:25,418 - INFO - 079_图库_台湾_马会传真.jpg
2024-03-19 18:58:25,418 - INFO - 079_图库_新澳门_四不像.jpg
2024-03-19 18:58:25,418 - INFO - 079_图库_新澳门_跑狗图.jpg
2024-03-19 18:58:25,418 - INFO - 079_图库_新澳门_马会传真.jpg
2024-03-19 18:58:25,418 - INFO - 080_新澳门_四不像.jpg
2024-03-19 18:58:25,418 - INFO - 080_新澳门_马会传真.jpg
2024-03-19 18:58:25,418 - INFO - 080_澳门_四不像.jpg
2024-03-19 18:58:25,419 - INFO - 080_澳门_马会传真.jpg
2024-03-19 18:58:25,427 - INFO - 对图片文件进行分类，添加进对应的文件夹
2024-03-19 18:58:25,441 - INFO - 将文件夹进行压缩
2024-03-19 18:58:25,441 - INFO - -------------------------------------------------
2024-03-19 18:58:25,441 - INFO - 保存了..\output\240319-导出.zip与..\output\240319-图库-导出.zip文件
2024-03-19 18:58:25,441 - INFO - -------------------------------------------------
2024-03-19 18:58:25,445 - INFO - 保留压缩文件，删除原始文件夹
2024-03-19 18:58:25,543 - INFO - 运行结束
2024-03-19 19:01:02,086 - INFO - 运行日期：2024年03月19日19:01:02
2024-03-19 19:01:02,087 - INFO - 032_香港_四不像.jpg
2024-03-19 19:01:02,087 - INFO - 032_香港_马会传真.jpg
2024-03-19 19:01:02,087 - INFO - 079_图库_台湾_四不像.jpg
2024-03-19 19:01:02,087 - INFO - 079_图库_台湾_跑狗图.jpg
2024-03-19 19:01:02,088 - INFO - 079_图库_台湾_马会传真.jpg
2024-03-19 19:01:02,088 - INFO - 079_图库_新澳门_四不像.jpg
2024-03-19 19:01:02,088 - INFO - 079_图库_新澳门_跑狗图.jpg
2024-03-19 19:01:02,088 - INFO - 079_图库_新澳门_马会传真.jpg
2024-03-19 19:01:02,088 - INFO - 080_新澳门_四不像.jpg
2024-03-19 19:01:02,088 - INFO - 080_新澳门_马会传真.jpg
2024-03-19 19:01:02,088 - INFO - 080_澳门_四不像.jpg
2024-03-19 19:01:02,088 - INFO - 080_澳门_马会传真.jpg
2024-03-19 19:01:02,097 - INFO - 对图片文件进行分类，添加进对应的文件夹
2024-03-19 19:01:02,107 - INFO - 将文件夹进行压缩
2024-03-19 19:01:02,107 - INFO - -------------------------------------------------
2024-03-19 19:01:02,107 - INFO - 保存了..\output\240319-导出.zip与..\output\240319-图库-导出.zip文件
2024-03-19 19:01:02,107 - INFO - -------------------------------------------------
2024-03-19 19:01:02,109 - INFO - 保留压缩文件，删除原始文件夹
2024-03-19 19:01:02,200 - INFO - 运行结束
2024-03-19 19:03:45,848 - INFO - 运行日期：2024年03月19日19:03:45
2024-03-19 19:03:45,848 - INFO - 032_香港_四不像.jpg
2024-03-19 19:03:45,849 - INFO - 032_香港_马会传真.jpg
2024-03-19 19:03:45,849 - INFO - 079_图库_台湾_四不像.jpg
2024-03-19 19:03:45,849 - INFO - 079_图库_台湾_跑狗图.jpg
2024-03-19 19:03:45,849 - INFO - 079_图库_台湾_马会传真.jpg
2024-03-19 19:03:45,849 - INFO - 079_图库_新澳门_四不像.jpg
2024-03-19 19:03:45,849 - INFO - 079_图库_新澳门_跑狗图.jpg
2024-03-19 19:03:45,849 - INFO - 079_图库_新澳门_马会传真.jpg
2024-03-19 19:03:45,850 - INFO - 080_新澳门_四不像.jpg
2024-03-19 19:03:45,850 - INFO - 080_新澳门_马会传真.jpg
2024-03-19 19:03:45,850 - INFO - 080_澳门_四不像.jpg
2024-03-19 19:03:45,850 - INFO - 080_澳门_马会传真.jpg
2024-03-19 19:03:45,909 - INFO - 对图片文件进行分类，添加进对应的文件夹
2024-03-19 19:03:45,919 - INFO - 将文件夹进行压缩
2024-03-19 19:03:45,919 - INFO - -------------------------------------------------
2024-03-19 19:03:45,919 - INFO - 保存了..\output\240319-导出.zip与..\output\240319-图库-导出.zip文件
2024-03-19 19:03:45,919 - INFO - -------------------------------------------------
2024-03-19 19:03:45,922 - INFO - 保留压缩文件，删除原始文件夹
2024-03-19 19:03:46,072 - INFO - 运行结束
2024-03-19 19:09:17,168 - INFO - 运行日期：2024年03月19日19:09:17
2024-03-19 19:09:17,169 - INFO - 032_香港_四不像.jpg
2024-03-19 19:09:17,169 - INFO - 032_香港_马会传真.jpg
2024-03-19 19:09:17,169 - INFO - 079_图库_台湾_四不像.jpg
2024-03-19 19:09:17,169 - INFO - 079_图库_台湾_跑狗图.jpg
2024-03-19 19:09:17,170 - INFO - 079_图库_台湾_马会传真.jpg
2024-03-19 19:09:17,170 - INFO - 079_图库_新澳门_四不像.jpg
2024-03-19 19:09:17,170 - INFO - 079_图库_新澳门_跑狗图.jpg
2024-03-19 19:09:17,170 - INFO - 079_图库_新澳门_马会传真.jpg
2024-03-19 19:09:17,170 - INFO - 080_新澳门_四不像.jpg
2024-03-19 19:09:17,170 - INFO - 080_新澳门_马会传真.jpg
2024-03-19 19:09:17,170 - INFO - 080_澳门_四不像.jpg
2024-03-19 19:09:17,171 - INFO - 080_澳门_马会传真.jpg
2024-03-19 19:09:17,180 - INFO - 对图片文件进行分类，添加进对应的文件夹
2024-03-19 19:09:17,189 - INFO - 将文件夹进行压缩
2024-03-19 19:09:17,189 - INFO - -------------------------------------------------
2024-03-19 19:09:17,189 - INFO - 保存了..\output\240319-导出.zip与..\output\240319-图库-导出.zip文件
2024-03-19 19:09:17,189 - INFO - -------------------------------------------------
2024-03-19 19:09:17,192 - INFO - 保留压缩文件，删除原始文件夹
2024-03-19 19:09:17,294 - INFO - 运行结束
2024-03-19 19:10:42,693 - INFO - 运行日期：2024年03月19日19:10:42
2024-03-19 19:10:42,693 - INFO - 已将旧版本的压缩包 240319-图库-导出.zip 移动到 ..\output\history\240319-图库-导出.zip
2024-03-19 19:10:42,694 - INFO - 已将旧版本的压缩包 240319-导出.zip 移动到 ..\output\history\240319-导出.zip
2024-03-19 19:10:42,694 - INFO - 032_香港_四不像.jpg
2024-03-19 19:10:42,695 - INFO - 032_香港_马会传真.jpg
2024-03-19 19:10:42,695 - INFO - 079_图库_台湾_四不像.jpg
2024-03-19 19:10:42,695 - INFO - 079_图库_台湾_跑狗图.jpg
2024-03-19 19:10:42,695 - INFO - 079_图库_台湾_马会传真.jpg
2024-03-19 19:10:42,695 - INFO - 079_图库_新澳门_四不像.jpg
2024-03-19 19:10:42,696 - INFO - 079_图库_新澳门_跑狗图.jpg
2024-03-19 19:10:42,696 - INFO - 079_图库_新澳门_马会传真.jpg
2024-03-19 19:10:42,696 - INFO - 080_新澳门_四不像.jpg
2024-03-19 19:10:42,696 - INFO - 080_新澳门_马会传真.jpg
2024-03-19 19:10:42,696 - INFO - 080_澳门_四不像.jpg
2024-03-19 19:10:42,696 - INFO - 080_澳门_马会传真.jpg
2024-03-19 19:10:42,744 - INFO - 对图片文件进行分类，添加进对应的文件夹
2024-03-19 19:10:42,760 - INFO - 将文件夹进行压缩
2024-03-19 19:10:42,760 - INFO - -------------------------------------------------
2024-03-19 19:10:42,760 - INFO - 保存了..\output\240319-导出.zip与..\output\240319-图库-导出.zip文件
2024-03-19 19:10:42,760 - INFO - -------------------------------------------------
2024-03-19 19:10:42,763 - INFO - 保留压缩文件，删除原始文件夹
2024-03-19 19:10:42,847 - INFO - 运行结束
2024-03-19 19:15:10,351 - INFO - 运行日期：2024年03月19日19:15:10
2024-03-19 19:15:10,351 - INFO - 032_香港_四不像.jpg
2024-03-19 19:15:10,351 - INFO - 032_香港_马会传真.jpg
2024-03-19 19:15:10,352 - INFO - 079_图库_台湾_四不像.jpg
2024-03-19 19:15:10,352 - INFO - 079_图库_台湾_跑狗图.jpg
2024-03-19 19:15:10,352 - INFO - 079_图库_台湾_马会传真.jpg
2024-03-19 19:15:10,352 - INFO - 079_图库_新澳门_四不像.jpg
2024-03-19 19:15:10,352 - INFO - 079_图库_新澳门_跑狗图.jpg
2024-03-19 19:15:10,352 - INFO - 079_图库_新澳门_马会传真.jpg
2024-03-19 19:15:10,353 - INFO - 080_新澳门_四不像.jpg
2024-03-19 19:15:10,353 - INFO - 080_新澳门_马会传真.jpg
2024-03-19 19:15:10,353 - INFO - 080_澳门_四不像.jpg
2024-03-19 19:15:10,353 - INFO - 080_澳门_马会传真.jpg
2024-03-19 19:15:10,388 - INFO - 对图片文件进行分类，添加进对应的文件夹
2024-03-19 19:15:10,398 - INFO - 将文件夹进行压缩
2024-03-19 19:15:10,398 - INFO - -------------------------------------------------
2024-03-19 19:15:10,398 - INFO - 保存了..\output\240319-导出.zip与..\output\240319-图库-导出.zip文件
2024-03-19 19:15:10,398 - INFO - -------------------------------------------------
2024-03-19 19:15:10,401 - INFO - 保留压缩文件，删除原始文件夹
2024-03-19 19:15:10,488 - INFO - 运行结束
2024-03-19 19:15:46,866 - INFO - 运行日期：2024年03月19日19:15:46
2024-03-19 19:15:46,886 - INFO - 032_香港_四不像.jpg
2024-03-19 19:15:46,887 - INFO - 032_香港_马会传真.jpg
2024-03-19 19:15:46,887 - INFO - 079_图库_台湾_四不像.jpg
2024-03-19 19:15:46,887 - INFO - 079_图库_台湾_跑狗图.jpg
2024-03-19 19:15:46,887 - INFO - 079_图库_台湾_马会传真.jpg
2024-03-19 19:15:46,888 - INFO - 079_图库_新澳门_四不像.jpg
2024-03-19 19:15:46,888 - INFO - 079_图库_新澳门_跑狗图.jpg
2024-03-19 19:15:46,888 - INFO - 079_图库_新澳门_马会传真.jpg
2024-03-19 19:15:46,888 - INFO - 080_新澳门_四不像.jpg
2024-03-19 19:15:46,888 - INFO - 080_新澳门_马会传真.jpg
2024-03-19 19:15:46,889 - INFO - 080_澳门_四不像.jpg
2024-03-19 19:15:46,889 - INFO - 080_澳门_马会传真.jpg
2024-03-19 19:15:46,897 - INFO - 对图片文件进行分类，添加进对应的文件夹
2024-03-19 19:15:46,909 - INFO - 将文件夹进行压缩
2024-03-19 19:15:46,909 - INFO - -------------------------------------------------
2024-03-19 19:15:46,909 - INFO - 保存了..\output\240319-导出.zip与..\output\240319-图库-导出.zip文件
2024-03-19 19:15:46,909 - INFO - -------------------------------------------------
2024-03-19 19:15:46,912 - INFO - 保留压缩文件，删除原始文件夹
2024-03-19 19:15:47,018 - INFO - 运行结束
2024-03-19 19:16:10,153 - INFO - 运行日期：2024年03月19日19:16:10
2024-03-19 19:16:10,153 - INFO - 032_香港_四不像.jpg
2024-03-19 19:16:10,154 - INFO - 032_香港_马会传真.jpg
2024-03-19 19:16:10,154 - INFO - 079_图库_台湾_四不像.jpg
2024-03-19 19:16:10,154 - INFO - 079_图库_台湾_跑狗图.jpg
2024-03-19 19:16:10,154 - INFO - 079_图库_台湾_马会传真.jpg
2024-03-19 19:16:10,154 - INFO - 079_图库_新澳门_四不像.jpg
2024-03-19 19:16:10,155 - INFO - 079_图库_新澳门_跑狗图.jpg
2024-03-19 19:16:10,155 - INFO - 079_图库_新澳门_马会传真.jpg
2024-03-19 19:16:10,155 - INFO - 080_新澳门_四不像.jpg
2024-03-19 19:16:10,155 - INFO - 080_新澳门_马会传真.jpg
2024-03-19 19:16:10,155 - INFO - 080_澳门_四不像.jpg
2024-03-19 19:16:10,156 - INFO - 080_澳门_马会传真.jpg
2024-03-19 19:16:10,170 - INFO - 对图片文件进行分类，添加进对应的文件夹
2024-03-19 19:16:10,181 - INFO - 将文件夹进行压缩
2024-03-19 19:16:10,181 - INFO - -------------------------------------------------
2024-03-19 19:16:10,181 - INFO - 保存了..\output\240319-导出.zip与..\output\240319-图库-导出.zip文件
2024-03-19 19:16:10,181 - INFO - -------------------------------------------------
2024-03-19 19:16:10,184 - INFO - 保留压缩文件，删除原始文件夹
2024-03-19 19:16:10,267 - INFO - 运行结束
2024-03-19 19:19:34,264 - INFO - 运行日期：2024年03月19日19:19:34
2024-03-19 19:19:34,265 - INFO - 已将旧版本的压缩包 240319-图库-导出.zip 移动到 ..\output\history\240319-图库-导出.zip
2024-03-19 19:19:34,265 - INFO - 已将旧版本的压缩包 240319-导出.zip 移动到 ..\output\history\240319-导出.zip
2024-03-19 19:19:34,265 - INFO - 没有检测到图片文件。
2024-03-19 19:19:34,266 - INFO - 对图片文件进行分类，添加进对应的文件夹
2024-03-19 19:19:34,267 - INFO - 将文件夹进行压缩
2024-03-19 19:19:34,267 - INFO - -------------------------------------------------
2024-03-19 19:19:34,267 - INFO - 保存了..\output\240319-导出.zip与..\output\240319-图库-导出.zip文件
2024-03-19 19:19:34,267 - INFO - -------------------------------------------------
2024-03-19 19:19:34,268 - INFO - 保留压缩文件，删除原始文件夹
2024-03-19 19:19:34,355 - INFO - 运行结束
2024-03-19 19:23:05,435 - INFO - 运行日期：2024年03月19日19:23:05
2024-03-19 19:23:05,437 - INFO - 已将旧版本的压缩包 240319-图库-导出.zip 移动到 ..\output\history\240319-图库-导出.zip
2024-03-19 19:23:05,438 - INFO - 已将旧版本的压缩包 240319-导出.zip 移动到 ..\output\history\240319-导出.zip
2024-03-19 19:23:05,438 - INFO - 没有检测到图片文件。
2024-03-19 19:23:05,439 - INFO - 对图片文件进行分类，添加进对应的文件夹
2024-03-19 19:23:05,440 - INFO - 将文件夹进行压缩
2024-03-19 19:23:05,441 - INFO - -------------------------------------------------
2024-03-19 19:23:05,441 - INFO - 保存了..\output\240319-导出.zip与..\output\240319-图库-导出.zip文件
2024-03-19 19:23:05,441 - INFO - -------------------------------------------------
2024-03-19 19:23:05,441 - INFO - 保留压缩文件，删除原始文件夹
2024-03-19 19:23:05,530 - INFO - 运行结束
2024-03-19 19:23:25,742 - INFO - 运行日期：2024年03月19日19:23:25
2024-03-19 19:23:25,744 - INFO - 已将旧版本的压缩包 240319-图库-导出.zip 移动到 ..\output\history\240319-图库-导出.zip
2024-03-19 19:23:25,745 - INFO - 已将旧版本的压缩包 240319-导出.zip 移动到 ..\output\history\240319-导出.zip
2024-03-19 19:23:25,745 - INFO - 没有检测到图片文件。
2024-03-19 19:23:25,746 - INFO - 对图片文件进行分类，添加进对应的文件夹
2024-03-19 19:23:25,747 - INFO - 将文件夹进行压缩
2024-03-19 19:23:25,747 - INFO - -------------------------------------------------
2024-03-19 19:23:25,747 - INFO - 保存了..\output\240319-导出.zip与..\output\240319-图库-导出.zip文件
2024-03-19 19:23:25,747 - INFO - -------------------------------------------------
2024-03-19 19:23:25,748 - INFO - 保留压缩文件，删除原始文件夹
2024-03-19 19:23:25,841 - INFO - 运行结束
2024-03-19 19:24:38,391 - INFO - 运行日期：2024年03月19日19:24:38
2024-03-19 19:24:38,412 - INFO - 032_香港_四不像.jpg
2024-03-19 19:24:38,412 - INFO - 032_香港_马会传真.jpg
2024-03-19 19:24:38,412 - INFO - 079_图库_台湾_四不像.jpg
2024-03-19 19:24:38,412 - INFO - 079_图库_台湾_跑狗图.jpg
2024-03-19 19:24:38,413 - INFO - 079_图库_台湾_马会传真.jpg
2024-03-19 19:24:38,413 - INFO - 079_图库_新澳门_四不像.jpg
2024-03-19 19:24:38,413 - INFO - 079_图库_新澳门_跑狗图.jpg
2024-03-19 19:24:38,413 - INFO - 079_图库_新澳门_马会传真.jpg
2024-03-19 19:24:38,413 - INFO - 080_新澳门_四不像.jpg
2024-03-19 19:24:38,413 - INFO - 080_新澳门_马会传真.jpg
2024-03-19 19:24:38,414 - INFO - 080_澳门_四不像.jpg
2024-03-19 19:24:38,414 - INFO - 080_澳门_马会传真.jpg
2024-03-19 19:24:38,421 - INFO - 对图片文件进行分类，添加进对应的文件夹
2024-03-19 19:24:38,434 - INFO - 将文件夹进行压缩
2024-03-19 19:24:38,434 - INFO - -------------------------------------------------
2024-03-19 19:24:38,434 - INFO - 保存了..\output\240319-导出.zip与..\output\240319-图库-导出.zip文件
2024-03-19 19:24:38,434 - INFO - -------------------------------------------------
2024-03-19 19:24:38,437 - INFO - 保留压缩文件，删除原始文件夹
2024-03-19 19:24:38,527 - INFO - 运行结束
2024-03-19 19:25:15,721 - INFO - 运行日期：2024年03月19日19:25:15
2024-03-19 19:25:15,722 - INFO - 已将旧版本的压缩包 历史240319-图库-导出.zip 移动到 ..\output\history\历史240319-图库-导出.zip
2024-03-19 19:25:15,722 - INFO - 已将旧版本的压缩包 历史240319-导出.zip 移动到 ..\output\history\历史240319-导出.zip
2024-03-19 19:25:15,723 - INFO - 032_香港_四不像.jpg
2024-03-19 19:25:15,723 - INFO - 032_香港_马会传真.jpg
2024-03-19 19:25:15,723 - INFO - 079_图库_台湾_四不像.jpg
2024-03-19 19:25:15,723 - INFO - 079_图库_台湾_跑狗图.jpg
2024-03-19 19:25:15,723 - INFO - 079_图库_台湾_马会传真.jpg
2024-03-19 19:25:15,723 - INFO - 079_图库_新澳门_四不像.jpg
2024-03-19 19:25:15,724 - INFO - 079_图库_新澳门_跑狗图.jpg
2024-03-19 19:25:15,724 - INFO - 079_图库_新澳门_马会传真.jpg
2024-03-19 19:25:15,724 - INFO - 080_新澳门_四不像.jpg
2024-03-19 19:25:15,724 - INFO - 080_新澳门_马会传真.jpg
2024-03-19 19:25:15,725 - INFO - 080_澳门_四不像.jpg
2024-03-19 19:25:15,725 - INFO - 080_澳门_马会传真.jpg
2024-03-19 19:25:15,733 - INFO - 对图片文件进行分类，添加进对应的文件夹
2024-03-19 19:25:15,743 - INFO - 将文件夹进行压缩
2024-03-19 19:25:15,743 - INFO - -------------------------------------------------
2024-03-19 19:25:15,743 - INFO - 保存了..\output\240319-导出.zip与..\output\240319-图库-导出.zip文件
2024-03-19 19:25:15,743 - INFO - -------------------------------------------------
2024-03-19 19:25:15,756 - INFO - 保留压缩文件，删除原始文件夹
2024-03-19 19:25:15,839 - INFO - 运行结束
2024-03-19 19:40:32,336 - INFO - 运行日期：2024年03月19日19:40:32
2024-03-19 19:40:32,336 - INFO - 032_香港_四不像.jpg
2024-03-19 19:40:32,337 - INFO - 032_香港_马会传真.jpg
2024-03-19 19:40:32,337 - INFO - 079_图库_台湾_四不像.jpg
2024-03-19 19:40:32,337 - INFO - 079_图库_台湾_跑狗图.jpg
2024-03-19 19:40:32,337 - INFO - 079_图库_台湾_马会传真.jpg
2024-03-19 19:40:32,337 - INFO - 079_图库_新澳门_四不像.jpg
2024-03-19 19:40:32,337 - INFO - 079_图库_新澳门_跑狗图.jpg
2024-03-19 19:40:32,338 - INFO - 079_图库_新澳门_马会传真.jpg
2024-03-19 19:40:32,338 - INFO - 080_新澳门_四不像.jpg
2024-03-19 19:40:32,338 - INFO - 080_新澳门_马会传真.jpg
2024-03-19 19:40:32,338 - INFO - 080_澳门_四不像.jpg
2024-03-19 19:40:32,338 - INFO - 080_澳门_马会传真.jpg
2024-03-19 19:40:32,403 - INFO - 对图片文件进行分类，添加进对应的文件夹
2024-03-19 19:40:32,414 - INFO - 将文件夹进行压缩
2024-03-19 19:40:32,414 - INFO - -------------------------------------------------
2024-03-19 19:40:32,414 - INFO - 保存了..\output\240319-导出.zip与..\output\240319-图库-导出.zip文件
2024-03-19 19:40:32,415 - INFO - -------------------------------------------------
2024-03-19 19:40:32,417 - INFO - 保留压缩文件，删除原始文件夹
2024-03-19 19:40:32,518 - INFO - 运行结束
2024-03-19 19:44:16,836 - INFO - 运行日期：2024年03月19日19:44:16
2024-03-19 19:44:16,837 - INFO - 032_香港_四不像.jpg
2024-03-19 19:44:16,837 - INFO - 032_香港_马会传真.jpg
2024-03-19 19:44:16,837 - INFO - 080_新澳门_四不像.jpg
2024-03-19 19:44:16,837 - INFO - 080_新澳门_马会传真.jpg
2024-03-19 19:44:16,838 - INFO - 080_澳门_四不像.jpg
2024-03-19 19:44:16,838 - INFO - 080_澳门_马会传真.jpg
2024-03-19 19:56:41,418 - INFO - 运行日期：2024年03月19日19:56:41
2024-03-19 19:56:41,418 - INFO - 032_香港_四不像.jpg
2024-03-19 19:56:41,419 - INFO - 032_香港_马会传真.jpg
2024-03-19 19:56:41,419 - INFO - 079_图库_台湾_四不像.jpg
2024-03-19 19:56:41,419 - INFO - 079_图库_台湾_跑狗图.jpg
2024-03-19 19:56:41,419 - INFO - 079_图库_台湾_马会传真.jpg
2024-03-19 19:56:41,419 - INFO - 079_图库_新澳门_四不像.jpg
2024-03-19 19:56:41,419 - INFO - 079_图库_新澳门_跑狗图.jpg
2024-03-19 19:56:41,419 - INFO - 079_图库_新澳门_马会传真.jpg
2024-03-19 19:56:41,420 - INFO - 080_新澳门_四不像.jpg
2024-03-19 19:56:41,420 - INFO - 080_新澳门_马会传真.jpg
2024-03-19 19:56:41,420 - INFO - 080_澳门_四不像.jpg
2024-03-19 19:56:41,420 - INFO - 080_澳门_马会传真.jpg
2024-03-19 19:56:41,429 - INFO - 对图片文件进行分类，添加进对应的文件夹
2024-03-19 19:56:41,439 - INFO - 将文件夹进行压缩
2024-03-19 19:56:41,439 - INFO - -------------------------------------------------
2024-03-19 19:56:41,439 - INFO - 保存了..\output\240319-导出.zip与..\output\240319-图库-导出.zip文件
2024-03-19 19:56:41,439 - INFO - -------------------------------------------------
2024-03-19 19:56:41,442 - INFO - 保留压缩文件，删除原始文件夹
2024-03-19 19:56:41,524 - INFO - 运行结束
2024-03-19 19:58:54,278 - INFO - 运行日期：2024年03月19日19:58:54
2024-03-19 19:58:54,279 - INFO - 已将旧版本的压缩包 240319-图库-导出.zip 移动到 ..\output\history\240319-图库-导出.zip
2024-03-19 19:58:54,279 - INFO - 已将旧版本的压缩包 240319-导出.zip 移动到 ..\output\history\240319-导出.zip
2024-03-19 19:58:54,280 - INFO - 032_香港_四不像.jpg
2024-03-19 19:58:54,280 - INFO - 032_香港_马会传真.jpg
2024-03-19 19:58:54,280 - INFO - 079_图库_台湾_四不像.jpg
2024-03-19 19:58:54,280 - INFO - 079_图库_台湾_跑狗图.jpg
2024-03-19 19:58:54,281 - INFO - 079_图库_台湾_马会传真.jpg
2024-03-19 19:58:54,281 - INFO - 079_图库_新澳门_四不像.jpg
2024-03-19 19:58:54,281 - INFO - 079_图库_新澳门_跑狗图.jpg
2024-03-19 19:58:54,281 - INFO - 079_图库_新澳门_马会传真.jpg
2024-03-19 19:58:54,281 - INFO - 080_新澳门_四不像.jpg
2024-03-19 19:58:54,281 - INFO - 080_新澳门_马会传真.jpg
2024-03-19 19:58:54,282 - INFO - 080_澳门_四不像.jpg
2024-03-19 19:58:54,282 - INFO - 080_澳门_马会传真.jpg
2024-03-19 19:58:54,292 - INFO - 对图片文件进行分类，添加进对应的文件夹
2024-03-19 19:58:54,302 - INFO - 将文件夹进行压缩
2024-03-19 19:58:54,302 - INFO - -------------------------------------------------
2024-03-19 19:58:54,302 - INFO - 保存了..\output\240319-导出.zip与..\output\240319-图库-导出.zip文件
2024-03-19 19:58:54,302 - INFO - -------------------------------------------------
2024-03-19 19:58:54,305 - INFO - 保留压缩文件，删除原始文件夹
2024-03-19 19:58:54,390 - INFO - 运行结束
2024-03-20 05:37:41,847 - INFO - 运行日期：2024年03月20日05:37:41
2024-03-20 05:37:41,872 - INFO - 032_香港_四不像.jpg
2024-03-20 05:37:41,873 - INFO - 032_香港_马会传真.jpg
2024-03-20 05:37:41,873 - INFO - 079_图库_台湾_四不像.jpg
2024-03-20 05:37:41,873 - INFO - 079_图库_台湾_跑狗图.jpg
2024-03-20 05:37:41,873 - INFO - 079_图库_台湾_马会传真.jpg
2024-03-20 05:37:41,873 - INFO - 079_图库_新澳门_四不像.jpg
2024-03-20 05:37:41,873 - INFO - 079_图库_新澳门_跑狗图.jpg
2024-03-20 05:37:41,873 - INFO - 079_图库_新澳门_马会传真.jpg
2024-03-20 05:37:41,874 - INFO - 080_新澳门_四不像.jpg
2024-03-20 05:37:41,874 - INFO - 080_新澳门_马会传真.jpg
2024-03-20 05:37:41,874 - INFO - 080_澳门_四不像.jpg
2024-03-20 05:37:41,874 - INFO - 080_澳门_马会传真.jpg
2024-03-20 05:37:41,885 - INFO - 对图片文件进行分类，添加进对应的文件夹
2024-03-20 05:37:41,898 - INFO - 将文件夹进行压缩
2024-03-20 05:37:41,898 - INFO - -------------------------------------------------
2024-03-20 05:37:41,898 - INFO - 保存了..\output\240320-导出.zip与..\output\240320-图库-导出.zip文件
2024-03-20 05:37:41,898 - INFO - -------------------------------------------------
2024-03-20 05:37:41,901 - INFO - 保留压缩文件，删除原始文件夹
2024-03-20 05:37:41,992 - INFO - 运行结束
2024-03-20 12:50:51,333 - INFO - 运行日期：2024年03月20日12:50:51
2024-03-20 12:50:51,358 - INFO - 已将旧版本的压缩包 240320-图库-导出.zip 移动到 ..\output\history\240320-图库-导出.zip
2024-03-20 12:50:51,358 - INFO - 已将旧版本的压缩包 240320-导出.zip 移动到 ..\output\history\240320-导出.zip
2024-03-20 12:50:51,359 - INFO - 080_图库_台湾_四不像.jpg
2024-03-20 12:50:51,359 - INFO - 080_图库_台湾_跑狗图.jpg
2024-03-20 12:50:51,359 - INFO - 080_图库_台湾_马会传真.jpg
2024-03-20 12:50:51,359 - INFO - 080_图库_新澳门_四不像.jpg
2024-03-20 12:50:51,360 - INFO - 080_图库_新澳门_跑狗图.jpg
2024-03-20 12:50:51,360 - INFO - 080_图库_新澳门_马会传真.jpg
2024-03-20 12:50:51,365 - INFO - 对图片文件进行分类，添加进对应的文件夹
2024-03-20 12:50:51,370 - INFO - 将文件夹进行压缩
2024-03-20 12:50:51,370 - INFO - -------------------------------------------------
2024-03-20 12:50:51,370 - INFO - 保存了..\output\240320-导出.zip与..\output\240320-图库-导出.zip文件
2024-03-20 12:50:51,370 - INFO - -------------------------------------------------
2024-03-20 12:50:51,372 - INFO - 保留压缩文件，删除原始文件夹
2024-03-20 12:50:51,479 - INFO - 运行结束
2024-03-20 12:54:39,128 - INFO - 运行日期：2024年03月20日12:54:39
2024-03-20 12:54:39,129 - INFO - 已将旧版本的压缩包 240320-图库-导出.zip 移动到 ..\output\history\240320-图库-导出.zip
2024-03-20 12:54:39,129 - INFO - 已将旧版本的压缩包 240320-导出.zip 移动到 ..\output\history\240320-导出.zip
2024-03-20 12:54:39,130 - INFO - 080_图库_台湾_四不像.jpg
2024-03-20 12:54:39,130 - INFO - 080_图库_台湾_跑狗图.jpg
2024-03-20 12:54:39,130 - INFO - 080_图库_台湾_马会传真.jpg
2024-03-20 12:54:39,130 - INFO - 080_图库_新澳门_四不像.jpg
2024-03-20 12:54:39,131 - INFO - 080_图库_新澳门_跑狗图.jpg
2024-03-20 12:54:39,131 - INFO - 080_图库_新澳门_马会传真.jpg
2024-03-20 12:54:39,136 - INFO - 对图片文件进行分类，添加进对应的文件夹
2024-03-20 12:54:39,142 - INFO - 将文件夹进行压缩
2024-03-20 12:54:39,142 - INFO - -------------------------------------------------
2024-03-20 12:54:39,142 - INFO - 保存了..\output\240320-导出.zip与..\output\240320-图库-导出.zip文件
2024-03-20 12:54:39,142 - INFO - -------------------------------------------------
2024-03-20 12:54:39,144 - INFO - 保留压缩文件，删除原始文件夹
2024-03-20 12:54:39,262 - INFO - 运行结束
2024-03-20 13:00:20,315 - INFO - 运行日期：2024年03月20日13:00:20
2024-03-20 13:00:20,316 - INFO - 080_图库_台湾_四不像.jpg
2024-03-20 13:00:20,316 - INFO - 080_图库_台湾_跑狗图.jpg
2024-03-20 13:00:20,316 - INFO - 080_图库_台湾_马会传真.jpg
2024-03-20 13:00:20,316 - INFO - 080_图库_新澳门_四不像.jpg
2024-03-20 13:00:20,316 - INFO - 080_图库_新澳门_跑狗图.jpg
2024-03-20 13:00:20,316 - INFO - 080_图库_新澳门_马会传真.jpg
2024-03-20 13:00:20,320 - INFO - 对图片文件进行分类，添加进对应的文件夹
2024-03-20 13:00:20,325 - INFO - 将文件夹进行压缩
2024-03-20 13:00:20,325 - INFO - -------------------------------------------------
2024-03-20 13:00:20,325 - INFO - 保存了..\output\240320-导出.zip与..\output\240320-图库-导出.zip文件
2024-03-20 13:00:20,325 - INFO - -------------------------------------------------
2024-03-20 13:00:20,327 - INFO - 保留压缩文件，删除原始文件夹
2024-03-20 13:00:20,425 - INFO - 运行结束
2024-03-20 13:15:25,811 - INFO - 运行日期：2024年03月20日13:15:25
2024-03-20 13:15:25,812 - INFO - 没有检测到图片文件。
2024-03-20 13:15:25,813 - INFO - 对图片文件进行分类，添加进对应的文件夹
2024-03-20 13:15:25,814 - INFO - 将文件夹进行压缩
2024-03-20 13:15:25,814 - INFO - -------------------------------------------------
2024-03-20 13:15:25,814 - INFO - 保存了..\output\240320-导出.zip与..\output\240320-图库-导出.zip文件
2024-03-20 13:15:25,814 - INFO - -------------------------------------------------
2024-03-20 13:15:25,815 - INFO - 保留压缩文件，删除原始文件夹
2024-03-20 13:15:25,907 - INFO - 运行结束
2024-03-20 13:16:27,061 - INFO - 运行日期：2024年03月20日13:16:27
2024-03-20 13:16:27,062 - INFO - 已将旧版本的压缩包 240320-图库-导出.zip 移动到 ..\output\history\240320-图库-导出.zip
2024-03-20 13:16:27,062 - INFO - 已将旧版本的压缩包 240320-导出.zip 移动到 ..\output\history\240320-导出.zip
2024-03-20 13:16:27,062 - INFO - 没有检测到图片文件。
2024-03-20 13:16:27,063 - INFO - 对图片文件进行分类，添加进对应的文件夹
2024-03-20 13:16:27,064 - INFO - 将文件夹进行压缩
2024-03-20 13:16:27,064 - INFO - -------------------------------------------------
2024-03-20 13:16:27,064 - INFO - 保存了..\output\240320-导出.zip与..\output\240320-图库-导出.zip文件
2024-03-20 13:16:27,064 - INFO - -------------------------------------------------
2024-03-20 13:16:27,065 - INFO - 保留压缩文件，删除原始文件夹
2024-03-20 13:16:27,161 - INFO - 运行结束
2024-03-20 13:18:17,763 - INFO - 运行日期：2024年03月20日13:18:17
2024-03-20 13:18:17,764 - INFO - 080_图库_台湾_四不像.jpg
2024-03-20 13:18:17,764 - INFO - 080_图库_台湾_跑狗图.jpg
2024-03-20 13:18:17,764 - INFO - 080_图库_台湾_马会传真.jpg
2024-03-20 13:18:17,765 - INFO - 080_图库_新澳门_四不像.jpg
2024-03-20 13:18:17,765 - INFO - 080_图库_新澳门_跑狗图.jpg
2024-03-20 13:18:17,765 - INFO - 080_图库_新澳门_马会传真.jpg
2024-03-20 13:18:17,765 - INFO - 081_新澳门_四不像.jpg
2024-03-20 13:18:17,765 - INFO - 081_新澳门_马会传真.jpg
2024-03-20 13:18:17,765 - INFO - 081_澳门_四不像.jpg
2024-03-20 13:18:17,765 - INFO - 081_澳门_马会传真.jpg
2024-03-20 13:18:17,773 - INFO - 对图片文件进行分类，添加进对应的文件夹
2024-03-20 13:18:17,781 - INFO - 将文件夹进行压缩
2024-03-20 13:18:17,781 - INFO - -------------------------------------------------
2024-03-20 13:18:17,781 - INFO - 保存了..\output\240320-导出.zip与..\output\240320-图库-导出.zip文件
2024-03-20 13:18:17,781 - INFO - -------------------------------------------------
2024-03-20 13:18:17,783 - INFO - 保留压缩文件，删除原始文件夹
2024-03-20 13:18:17,914 - INFO - 运行结束
